<?xml version="1.0" encoding="UTF-8"?>
<!-- Generated by org.testng.reporters.JUnitXMLReporter -->
<testsuite ignored="0" hostname="CSGBTPLT410" failures="0" tests="3" name="Login" time="7.06" errors="0" timestamp="2024-06-06T19:19:31 IST">
  <testcase classname="regression.TC001_CreateAndDeleteContacts" name="createAndDeleteContacts" time="0.012"/>
  <testcase classname="regression.TC001_CreateAndDeleteContacts" name="createAndDeleteContacts" time="0.012"/>
  <testcase classname="regression.TC001_CreateAndDeleteContacts" name="createAndDeleteContacts" time="6.681"/>
</testsuite> <!-- Login -->
