<?xml version="1.0" encoding="UTF-8"?>
<!-- Generated by org.testng.reporters.JUnitXMLReporter -->
<testsuite ignored="0" hostname="CSGBTPLT410" failures="0" tests="3" name="LiveSwith Regression Suite" time="233.107" errors="0" timestamp="2024-05-30T08:58:26 IST">
  <testcase classname="smoketest.TC005_JSONDataPRovider" name="getJsonData" time="80.783"/>
  <testcase classname="smoketest.TC005_JSONDataPRovider" name="getJsonData" time="42.931"/>
  <testcase classname="smoketest.TC005_JSONDataPRovider" name="getJsonData" time="108.567"/>
</testsuite> <!-- LiveSwith Regression Suite -->
