<?xml version="1.0" encoding="UTF-8"?>
<!-- Generated by org.testng.reporters.JUnitXMLReporter -->
<testsuite ignored="0" hostname="CSGBTPLT410" failures="0" tests="3" name="Login" time="285.634" errors="0" timestamp="2024-05-30T09:11:21 IST">
  <testcase classname="regression.TC001_CreateAndDeleteContacts" name="createAndDeleteContacts" time="86.066"/>
  <testcase classname="regression.TC001_CreateAndDeleteContacts" name="createAndDeleteContacts" time="88.643"/>
  <testcase classname="regression.TC001_CreateAndDeleteContacts" name="createAndDeleteContacts" time="110.067"/>
</testsuite> <!-- Login -->
