<?xml version="1.0" encoding="UTF-8"?>
<testng-results ignored="0" total="3" passed="3" failed="0" skipped="0">
  <reporter-output>
  </reporter-output>
  <suite started-at="2024-06-06T19:19:24 IST" name="RegressionSuite" finished-at="2024-06-06T19:19:31 IST" duration-ms="7060">
    <groups>
    </groups>
    <test started-at="2024-06-06T19:19:24 IST" name="Login" finished-at="2024-06-06T19:19:31 IST" duration-ms="7060">
      <class name="regression.TC001_CreateAndDeleteContacts">
        <test-method signature="createAndDeleteContacts(java.lang.String,java.lang.String)[pri:0, instance:regression.TC001_CreateAndDeleteContacts@5b1669c0]" started-at="2024-06-06T19:19:24 IST" name="createAndDeleteContacts" data-provider="jsondp" finished-at="2024-06-06T19:19:24 IST" duration-ms="12" status="PASS">
          <params>
            <param index="0">
              <value>
                <![CDATA[firefox]]>
              </value>
            </param>
            <param index="1">
              <value>
                <![CDATA[N]]>
              </value>
            </param>
          </params>
          <reporter-output>
          </reporter-output>
        </test-method> <!-- createAndDeleteContacts -->
        <test-method signature="createAndDeleteContacts(java.lang.String,java.lang.String)[pri:0, instance:regression.TC001_CreateAndDeleteContacts@5b1669c0]" started-at="2024-06-06T19:19:24 IST" name="createAndDeleteContacts" data-provider="jsondp" finished-at="2024-06-06T19:19:24 IST" duration-ms="12" status="PASS">
          <params>
            <param index="0">
              <value>
                <![CDATA[mobile]]>
              </value>
            </param>
            <param index="1">
              <value>
                <![CDATA[N]]>
              </value>
            </param>
          </params>
          <reporter-output>
          </reporter-output>
        </test-method> <!-- createAndDeleteContacts -->
        <test-method signature="createAndDeleteContacts(java.lang.String,java.lang.String)[pri:0, instance:regression.TC001_CreateAndDeleteContacts@5b1669c0]" started-at="2024-06-06T19:19:24 IST" name="createAndDeleteContacts" data-provider="jsondp" finished-at="2024-06-06T19:19:31 IST" duration-ms="6681" status="PASS">
          <params>
            <param index="0">
              <value>
                <![CDATA[chrome]]>
              </value>
            </param>
            <param index="1">
              <value>
                <![CDATA[Y]]>
              </value>
            </param>
          </params>
          <reporter-output>
          </reporter-output>
        </test-method> <!-- createAndDeleteContacts -->
      </class> <!-- regression.TC001_CreateAndDeleteContacts -->
    </test> <!-- Login -->
  </suite> <!-- RegressionSuite -->
</testng-results>
